<?xml version="1.0" encoding="UTF-8"?>
<testsuite xmlns:xsi="http://www.w3.org/2001/XMLSchema-instance" xsi:noNamespaceSchemaLocation="https://maven.apache.org/surefire/maven-surefire-plugin/xsd/surefire-test-report-3.0.xsd" version="3.0" name="com.example.api_gateway.ApiGatewayApplicationTests" time="4.469" tests="1" errors="0" skipped="0" failures="0">
  <properties>
[...]
</properties>
  <testcase name="contextLoads" classname="com.example.api_gateway.ApiGatewayApplicationTests" time="0.025">
    <system-out><![CDATA[17:59:17.226 [main] INFO org.springframework.test.context.support.AnnotationConfigContextLoaderUtils -- Could not detect default configuration classes for test class [com.example.api_gateway.ApiGatewayApplicationTests]: ApiGatewayApplicationTests does not declare any static, non-private, non-final, nested classes annotated with @Configuration.
17:59:17.456 [main] INFO org.springframework.boot.test.context.SpringBootTestContextBootstrapper -- Found @SpringBootConfiguration com.example.api_gateway.ApiGatewayApplication for test class com.example.api_gateway.ApiGatewayApplicationTests

  .   ____          _            __ _ _
 /\\ / ___'_ __ _ _(_)_ __  __ _ \ \ \ \
( ( )\___ | '_ | '_| | '_ \/ _` | \ \ \ \
 \\/  ___)| |_)| | | | | || (_| |  ) ) ) )
  '  |____| .__|_| |_|_| |_\__, | / / / /
 =========|_|==============|___/=/_/_/_/
&amp#27;[32m :: Spring Boot :: &amp#27;[39m              &amp#27;[2m (v3.1.4)&amp#27;[0;39m

&amp#27;[2m2024-11-22T17:59:18.524-08:00&amp#27;[0;39m &amp#27;[32m INFO&amp#27;[0;39m &amp#27;[35m17723&amp#27;[0;39m &amp#27;[2m---&amp#27;[0;39m &amp#27;[2m[           main]&amp#27;[0;39m &amp#27;[36mc.e.a.ApiGatewayApplicationTests        &amp#27;[0;39m &amp#27;[2m:&amp#27;[0;39m Starting ApiGatewayApplicationTests using Java 23.0.1 with PID 17723 (started by onatturan in /Users/onatturan/Desktop/GBC/Web-Application-Development-Java(3095)/ICE2/containerized-network/api-gateway)
&amp#27;[2m2024-11-22T17:59:18.526-08:00&amp#27;[0;39m &amp#27;[32m INFO&amp#27;[0;39m &amp#27;[35m17723&amp#27;[0;39m &amp#27;[2m---&amp#27;[0;39m &amp#27;[2m[           main]&amp#27;[0;39m &amp#27;[36mc.e.a.ApiGatewayApplicationTests        &amp#27;[0;39m &amp#27;[2m:&amp#27;[0;39m No active profile set, falling back to 1 default profile: "default"
&amp#27;[2m2024-11-22T17:59:19.992-08:00&amp#27;[0;39m &amp#27;[32m INFO&amp#27;[0;39m &amp#27;[35m17723&amp#27;[0;39m &amp#27;[2m---&amp#27;[0;39m &amp#27;[2m[           main]&amp#27;[0;39m &amp#27;[36mo.s.cloud.context.scope.GenericScope    &amp#27;[0;39m &amp#27;[2m:&amp#27;[0;39m BeanFactory id=b7511217-a8fd-3d52-a223-9a3b647caa20
&amp#27;[2m2024-11-22T17:59:20.992-08:00&amp#27;[0;39m &amp#27;[32m INFO&amp#27;[0;39m &amp#27;[35m17723&amp#27;[0;39m &amp#27;[2m---&amp#27;[0;39m &amp#27;[2m[           main]&amp#27;[0;39m &amp#27;[36mo.s.c.g.r.RouteDefinitionRouteLocator   &amp#27;[0;39m &amp#27;[2m:&amp#27;[0;39m Loaded RoutePredicateFactory [After]
&amp#27;[2m2024-11-22T17:59:20.992-08:00&amp#27;[0;39m &amp#27;[32m INFO&amp#27;[0;39m &amp#27;[35m17723&amp#27;[0;39m &amp#27;[2m---&amp#27;[0;39m &amp#27;[2m[           main]&amp#27;[0;39m &amp#27;[36mo.s.c.g.r.RouteDefinitionRouteLocator   &amp#27;[0;39m &amp#27;[2m:&amp#27;[0;39m Loaded RoutePredicateFactory [Before]
&amp#27;[2m2024-11-22T17:59:20.992-08:00&amp#27;[0;39m &amp#27;[32m INFO&amp#27;[0;39m &amp#27;[35m17723&amp#27;[0;39m &amp#27;[2m---&amp#27;[0;39m &amp#27;[2m[           main]&amp#27;[0;39m &amp#27;[36mo.s.c.g.r.RouteDefinitionRouteLocator   &amp#27;[0;39m &amp#27;[2m:&amp#27;[0;39m Loaded RoutePredicateFactory [Between]
&amp#27;[2m2024-11-22T17:59:20.992-08:00&amp#27;[0;39m &amp#27;[32m INFO&amp#27;[0;39m &amp#27;[35m17723&amp#27;[0;39m &amp#27;[2m---&amp#27;[0;39m &amp#27;[2m[           main]&amp#27;[0;39m &amp#27;[36mo.s.c.g.r.RouteDefinitionRouteLocator   &amp#27;[0;39m &amp#27;[2m:&amp#27;[0;39m Loaded RoutePredicateFactory [Cookie]
&amp#27;[2m2024-11-22T17:59:20.992-08:00&amp#27;[0;39m &amp#27;[32m INFO&amp#27;[0;39m &amp#27;[35m17723&amp#27;[0;39m &amp#27;[2m---&amp#27;[0;39m &amp#27;[2m[           main]&amp#27;[0;39m &amp#27;[36mo.s.c.g.r.RouteDefinitionRouteLocator   &amp#27;[0;39m &amp#27;[2m:&amp#27;[0;39m Loaded RoutePredicateFactory [Header]
&amp#27;[2m2024-11-22T17:59:20.992-08:00&amp#27;[0;39m &amp#27;[32m INFO&amp#27;[0;39m &amp#27;[35m17723&amp#27;[0;39m &amp#27;[2m---&amp#27;[0;39m &amp#27;[2m[           main]&amp#27;[0;39m &amp#27;[36mo.s.c.g.r.RouteDefinitionRouteLocator   &amp#27;[0;39m &amp#27;[2m:&amp#27;[0;39m Loaded RoutePredicateFactory [Host]
&amp#27;[2m2024-11-22T17:59:20.992-08:00&amp#27;[0;39m &amp#27;[32m INFO&amp#27;[0;39m &amp#27;[35m17723&amp#27;[0;39m &amp#27;[2m---&amp#27;[0;39m &amp#27;[2m[           main]&amp#27;[0;39m &amp#27;[36mo.s.c.g.r.RouteDefinitionRouteLocator   &amp#27;[0;39m &amp#27;[2m:&amp#27;[0;39m Loaded RoutePredicateFactory [Method]
&amp#27;[2m2024-11-22T17:59:20.993-08:00&amp#27;[0;39m &amp#27;[32m INFO&amp#27;[0;39m &amp#27;[35m17723&amp#27;[0;39m &amp#27;[2m---&amp#27;[0;39m &amp#27;[2m[           main]&amp#27;[0;39m &amp#27;[36mo.s.c.g.r.RouteDefinitionRouteLocator   &amp#27;[0;39m &amp#27;[2m:&amp#27;[0;39m Loaded RoutePredicateFactory [Path]
&amp#27;[2m2024-11-22T17:59:20.993-08:00&amp#27;[0;39m &amp#27;[32m INFO&amp#27;[0;39m &amp#27;[35m17723&amp#27;[0;39m &amp#27;[2m---&amp#27;[0;39m &amp#27;[2m[           main]&amp#27;[0;39m &amp#27;[36mo.s.c.g.r.RouteDefinitionRouteLocator   &amp#27;[0;39m &amp#27;[2m:&amp#27;[0;39m Loaded RoutePredicateFactory [Query]
&amp#27;[2m2024-11-22T17:59:20.993-08:00&amp#27;[0;39m &amp#27;[32m INFO&amp#27;[0;39m &amp#27;[35m17723&amp#27;[0;39m &amp#27;[2m---&amp#27;[0;39m &amp#27;[2m[           main]&amp#27;[0;39m &amp#27;[36mo.s.c.g.r.RouteDefinitionRouteLocator   &amp#27;[0;39m &amp#27;[2m:&amp#27;[0;39m Loaded RoutePredicateFactory [ReadBody]
&amp#27;[2m2024-11-22T17:59:20.993-08:00&amp#27;[0;39m &amp#27;[32m INFO&amp#27;[0;39m &amp#27;[35m17723&amp#27;[0;39m &amp#27;[2m---&amp#27;[0;39m &amp#27;[2m[           main]&amp#27;[0;39m &amp#27;[36mo.s.c.g.r.RouteDefinitionRouteLocator   &amp#27;[0;39m &amp#27;[2m:&amp#27;[0;39m Loaded RoutePredicateFactory [RemoteAddr]
&amp#27;[2m2024-11-22T17:59:20.993-08:00&amp#27;[0;39m &amp#27;[32m INFO&amp#27;[0;39m &amp#27;[35m17723&amp#27;[0;39m &amp#27;[2m---&amp#27;[0;39m &amp#27;[2m[           main]&amp#27;[0;39m &amp#27;[36mo.s.c.g.r.RouteDefinitionRouteLocator   &amp#27;[0;39m &amp#27;[2m:&amp#27;[0;39m Loaded RoutePredicateFactory [XForwardedRemoteAddr]
&amp#27;[2m2024-11-22T17:59:20.994-08:00&amp#27;[0;39m &amp#27;[32m INFO&amp#27;[0;39m &amp#27;[35m17723&amp#27;[0;39m &amp#27;[2m---&amp#27;[0;39m &amp#27;[2m[           main]&amp#27;[0;39m &amp#27;[36mo.s.c.g.r.RouteDefinitionRouteLocator   &amp#27;[0;39m &amp#27;[2m:&amp#27;[0;39m Loaded RoutePredicateFactory [Weight]
&amp#27;[2m2024-11-22T17:59:20.994-08:00&amp#27;[0;39m &amp#27;[32m INFO&amp#27;[0;39m &amp#27;[35m17723&amp#27;[0;39m &amp#27;[2m---&amp#27;[0;39m &amp#27;[2m[           main]&amp#27;[0;39m &amp#27;[36mo.s.c.g.r.RouteDefinitionRouteLocator   &amp#27;[0;39m &amp#27;[2m:&amp#27;[0;39m Loaded RoutePredicateFactory [CloudFoundryRouteService]
&amp#27;[2m2024-11-22T17:59:21.390-08:00&amp#27;[0;39m &amp#27;[32m INFO&amp#27;[0;39m &amp#27;[35m17723&amp#27;[0;39m &amp#27;[2m---&amp#27;[0;39m &amp#27;[2m[           main]&amp#27;[0;39m &amp#27;[36mc.e.a.ApiGatewayApplicationTests        &amp#27;[0;39m &amp#27;[2m:&amp#27;[0;39m Started ApiGatewayApplicationTests in 3.582 seconds (process running for 5.451)
]]></system-out>
  </testcase>
</testsuite>